<!DOCTYPE html PUBLIC "-//W3C//DTD XHTML 1.1//EN" "https://www.w3.org/TR/xhtml11/DTD/xhtml11.dtd">
<html xmlns="https://www.w3.org/1999/xhtml">
<head>
<meta http-equiv="content-type" content="text/html; charset=UTF-8"/>
<title>TestNG Report</title>
<style type="text/css">table {margin-bottom:10px;border-collapse:collapse;empty-cells:show}th,td {border:1px solid #009;padding:.25em .5em}th {vertical-align:bottom}td {vertical-align:top}table a {font-weight:bold}.stripe td {background-color: #E6EBF9}.num {text-align:right}.passedodd td {background-color: #3F3}.passedeven td {background-color: #0A0}.skippedodd td {background-color: #DDD}.skippedeven td {background-color: #CCC}.failedodd td,.attn {background-color: #F33}.failedeven td,.stripe .attn {background-color: #D00}.stacktrace {white-space:pre;font-family:monospace}.totop {font-size:85%;text-align:center;border-bottom:2px solid #000}.invisible {display:none}</style>
</head>
<body>
<table>
<tr><th>Test</th><th># Passed</th><th># Skipped</th><th># Retried</th><th># Failed</th><th>Time (ms)</th><th>Included Groups</th><th>Excluded Groups</th></tr>
<tr><th colspan="8">FREE CRM APPLICATION SUITES</th></tr>
<tr><td><a href="#t0">FREE CRM TEST SUITES</a></td><td class="num">26</td><td class="num attn">1</td><td class="num">0</td><td class="num attn">2</td><td class="num">710,315</td><td></td><td></td></tr>
</table>
<table id='summary'><thead><tr><th>Class</th><th>Method</th><th>Start</th><th>Time (ms)</th></tr></thead><tbody><tr><th colspan="4">FREE CRM APPLICATION SUITES</th></tr></tbody><tbody id="t0"><tr><th colspan="4">FREE CRM TEST SUITES &#8212; failed</th></tr><tr class="failedeven"><td rowspan="1">com.crm.qa.testcases.ContactsPageTest</td><td><a href="#m0">hooverOverContact</a></td><td rowspan="1">1617287377544</td><td rowspan="1">14729</td></tr><tr class="failedodd"><td rowspan="1">com.crm.qa.testcases.LoginPageTest</td><td><a href="#m1">LoginPageTitleTest</a></td><td rowspan="1">1617287494902</td><td rowspan="1">2022</td></tr><tr><th colspan="4">FREE CRM TEST SUITES &#8212; skipped</th></tr><tr class="skippedeven"><td rowspan="1">com.crm.qa.testcases.DealsPageTest</td><td><a href="#m2">DealsFormTest</a></td><td rowspan="1">1617287562221</td><td rowspan="1">0</td></tr><tr><th colspan="4">FREE CRM TEST SUITES &#8212; passed</th></tr><tr class="passedeven"><td rowspan="3">com.crm.qa.testcases.CompanyPageTest</td><td><a href="#m3">CompanyLink</a></td><td rowspan="1">1617287614487</td><td rowspan="1">14260</td></tr><tr class="passedeven"><td><a href="#m4">newCompanylink</a></td><td rowspan="1">1617287654703</td><td rowspan="1">13325</td></tr><tr class="passedeven"><td><a href="#m5">newCompnyFormData</a></td><td rowspan="1">1617287694011</td><td rowspan="1">21335</td></tr><tr class="passedodd"><td rowspan="4">com.crm.qa.testcases.ContactsPageTest</td><td><a href="#m6">contactLinkTest</a></td><td rowspan="1">1617287269105</td><td rowspan="1">945</td></tr><tr class="passedodd"><td><a href="#m7">getAllOptions</a></td><td rowspan="1">1617287415230</td><td rowspan="1">2244</td></tr><tr class="passedodd"><td><a href="#m8">tlinks</a></td><td rowspan="1">1617287335609</td><td rowspan="1">15977</td></tr><tr class="passedodd"><td><a href="#m9">verifyContactLabel</a></td><td rowspan="1">1617287298746</td><td rowspan="1">6377</td></tr><tr class="passedeven"><td rowspan="6">com.crm.qa.testcases.HomePageTest</td><td><a href="#m10">addBoxesLinkTest</a></td><td rowspan="1">1617287250247</td><td rowspan="1">345</td></tr><tr class="passedeven"><td><a href="#m11">totalLinksOnHomePage</a></td><td rowspan="1">1617287144943</td><td rowspan="1">20077</td></tr><tr class="passedeven"><td><a href="#m12">validateContactLinkTest</a></td><td rowspan="1">1617287207387</td><td rowspan="1">5540</td></tr><tr class="passedeven"><td><a href="#m13">validateDealLinkTest</a></td><td rowspan="1">1617287230685</td><td rowspan="1">1208</td></tr><tr class="passedeven"><td><a href="#m14">validateHomePageTitleTest</a></td><td rowspan="1">1617287125602</td><td rowspan="1">2034</td></tr><tr class="passedeven"><td><a href="#m15">validateUserTest</a></td><td rowspan="1">1617287188040</td><td rowspan="1">2153</td></tr><tr class="passedodd"><td rowspan="4">com.crm.qa.testcases.LoginPageTest</td><td><a href="#m16">gettotallinksonloginpage</a></td><td rowspan="1">1617287559527</td><td rowspan="1">545</td></tr><tr class="passedodd"><td><a href="#m17">loginTest</a></td><td rowspan="1">1617287526049</td><td rowspan="1">4658</td></tr><tr class="passedodd"><td><a href="#m18">validateCRMLogoTest</a></td><td rowspan="1">1617287511197</td><td rowspan="1">46</td></tr><tr class="passedodd"><td><a href="#m19">verifyContactLinkTest</a></td><td rowspan="1">1617287544533</td><td rowspan="1">76</td></tr><tr class="passedeven"><td rowspan="5">com.crm.qa.testcases.Login_Test_DataTest</td><td><a href="#m20">testdata</a></td><td rowspan="5">1617287729044</td><td rowspan="5">8695</td></tr><tr class="passedeven"><td><a href="#m21">testdata</a></td></tr><tr class="passedeven"><td><a href="#m22">testdata</a></td></tr><tr class="passedeven"><td><a href="#m23">testdata</a></td></tr><tr class="passedeven"><td><a href="#m24">testdata</a></td></tr><tr class="passedodd"><td rowspan="1">com.crm.qa.testcases.ReportPageTest</td><td><a href="#m25">reportlink</a></td><td rowspan="1">1617287585558</td><td rowspan="1">5966</td></tr><tr class="passedeven"><td rowspan="3">com.crm.qa.testcases.SignUpPageTest</td><td><a href="#m26">SignUpLinkTest</a></td><td rowspan="1">1617287430478</td><td rowspan="1">7345</td></tr><tr class="passedeven"><td><a href="#m27">pricingLinkTest</a></td><td rowspan="1">1617287465669</td><td rowspan="1">16550</td></tr><tr class="passedeven"><td><a href="#m28">totallinks</a></td><td rowspan="1">1617287450112</td><td rowspan="1">2482</td></tr></tbody>
</table>
<h2>FREE CRM TEST SUITES</h2><h3 id="m0">com.crm.qa.testcases.ContactsPageTest#hooverOverContact</h3><table class="result"><tr><th>Exception</th></tr><tr><td><div class="stacktrace">org.openqa.selenium.StaleElementReferenceException: stale element reference: element is not attached to the page document
  (Session info: chrome=89.0.4389.114)
  (Driver info: chromedriver=2.43.600210 (68dcf5eebde37173d4027fa8635e332711d2874a),platform=Windows NT 10.0.19041 x86_64) (WARNING: The server did not provide any stacktrace information)
Command duration or timeout: 0 milliseconds
For documentation on this error, please visit: https://selenium.dev/exceptions/#stale_element_reference
Build info: version: &apos;4.0.0-alpha-7&apos;, revision: &apos;de8579b6d5&apos;
System info: host: &apos;DESKTOP-F40K7Q7&apos;, ip: &apos;192.168.1.153&apos;, os.name: &apos;Windows 10&apos;, os.arch: &apos;amd64&apos;, os.version: &apos;10.0&apos;, java.version: &apos;11.0.1&apos;
Driver info: org.openqa.selenium.chrome.ChromeDriver
Capabilities {acceptInsecureCerts: false, acceptSslCerts: false, applicationCacheEnabled: false, browserConnectionEnabled: false, browserName: chrome, chrome: {chromedriverVersion: 2.43.600210 (68dcf5eebde371..., userDataDir: C:\Users\tilak\AppData\Loca...}, cssSelectorsEnabled: true, databaseEnabled: false, goog:chromeOptions: {debuggerAddress: localhost:51171}, handlesAlerts: true, hasTouchScreen: false, javascriptEnabled: true, locationContextEnabled: true, mobileEmulationEnabled: false, nativeEvents: true, networkConnectionEnabled: false, pageLoadStrategy: normal, platform: XP, platformName: XP, rotatable: false, setWindowRect: true, takesHeapSnapshot: true, takesScreenshot: true, unexpectedAlertBehaviour: , unhandledPromptBehavior: , version: 89.0.4389.114, webStorageEnabled: true}
Session ID: 4aa3eb01f0c8a3a8bddc3780bb8c2aa6
	at org.openqa.selenium.remote.ErrorHandler.createThrowable(ErrorHandler.java:217)
	at org.openqa.selenium.remote.ErrorHandler.throwIfResponseFailed(ErrorHandler.java:169)
	at org.openqa.selenium.remote.codec.jwp.JsonHttpResponseCodec.reconstructValue(JsonHttpResponseCodec.java:41)
	at org.openqa.selenium.remote.codec.AbstractHttpResponseCodec.decode(AbstractHttpResponseCodec.java:83)
	at org.openqa.selenium.remote.codec.AbstractHttpResponseCodec.decode(AbstractHttpResponseCodec.java:47)
	at org.openqa.selenium.remote.HttpCommandExecutor.execute(HttpCommandExecutor.java:167)
	at org.openqa.selenium.remote.service.DriverCommandExecutor.execute(DriverCommandExecutor.java:123)
	at org.openqa.selenium.remote.RemoteWebDriver.execute(RemoteWebDriver.java:501)
	at org.openqa.selenium.remote.RemoteWebDriver.execute(RemoteWebDriver.java:558)
	at org.openqa.selenium.remote.RemoteExecuteMethod.execute(RemoteExecuteMethod.java:38)
	at org.openqa.selenium.remote.RemoteMouse.mouseMove(RemoteMouse.java:95)
	at org.openqa.selenium.support.events.internal.EventFiringMouse.mouseMove(EventFiringMouse.java:62)
	at org.openqa.selenium.interactions.MoveMouseAction.perform(MoveMouseAction.java:43)
	at org.openqa.selenium.interactions.CompositeAction.perform(CompositeAction.java:36)
	at org.openqa.selenium.interactions.Actions$BuiltAction.perform(Actions.java:620)
	at org.openqa.selenium.interactions.Actions.perform(Actions.java:573)
	at com.crm.qa.pages.ContactsPage.hooverOver(ContactsPage.java:68)
	at com.crm.qa.testcases.ContactsPageTest.hooverOverContact(ContactsPageTest.java:74)
	at java.base/java.util.ArrayList.forEach(ArrayList.java:1540)
... Removed 31 stack frames</div></td></tr></table><p class="totop"><a href="#summary">back to summary</a></p>
<h3 id="m1">com.crm.qa.testcases.LoginPageTest#LoginPageTitleTest</h3><table class="result"><tr><th>Exception</th></tr><tr><td><div class="stacktrace">java.lang.AssertionError: The title does not match expected [CRMPRO  - CRM software for customer relationship management, sales, and support.] but found [CRMPRO - CRM software for customer relationship management, sales, and support.]
	at com.crm.qa.testcases.LoginPageTest.LoginPageTitleTest(LoginPageTest.java:67)
	at java.base/java.util.ArrayList.forEach(ArrayList.java:1540)
... Removed 32 stack frames</div></td></tr></table><p class="totop"><a href="#summary">back to summary</a></p>
<h3 id="m2">com.crm.qa.testcases.DealsPageTest#DealsFormTest</h3><table class="result"><tr><th>Exception</th></tr><tr><td><div class="stacktrace">java.lang.RuntimeException: java.lang.NullPointerException
	at java.base/java.util.ArrayList.forEach(ArrayList.java:1540)
Caused by: java.lang.NullPointerException
	at org.apache.poi.poifs.filesystem.FileMagic.prepareToCheckMagic(FileMagic.java:219)
	at org.apache.poi.ss.usermodel.WorkbookFactory.create(WorkbookFactory.java:247)
	at org.apache.poi.ss.usermodel.WorkbookFactory.create(WorkbookFactory.java:221)
	at com.crm.qa.utilities.DealsContactsData.getDealsTestData(DealsContactsData.java:29)
	at com.crm.qa.testcases.DealsPageTest.DealsData(DealsPageTest.java:38)
	... 25 more
... Removed 32 stack frames</div></td></tr></table><p class="totop"><a href="#summary">back to summary</a></p>
<h3 id="m3">com.crm.qa.testcases.CompanyPageTest#CompanyLink</h3><table class="result"><tr><th class="invisible"/></tr></table><p class="totop"><a href="#summary">back to summary</a></p>
<h3 id="m4">com.crm.qa.testcases.CompanyPageTest#newCompanylink</h3><table class="result"><tr><th class="invisible"/></tr></table><p class="totop"><a href="#summary">back to summary</a></p>
<h3 id="m5">com.crm.qa.testcases.CompanyPageTest#newCompnyFormData</h3><table class="result"><tr class="param"><th>Parameter #1</th><th>Parameter #2</th><th>Parameter #3</th><th>Parameter #4</th><th>Parameter #5</th><th>Parameter #6</th><th>Parameter #7</th><th>Parameter #8</th></tr><tr class="param stripe"><td>Patel Cash and Carry</td><td>IT Industry</td><td>4551254.0</td><td>1006.0</td><td>GT152</td><td>15422.0</td><td>112455.0</td><td>1548754.0</td></tr></table><p class="totop"><a href="#summary">back to summary</a></p>
<h3 id="m6">com.crm.qa.testcases.ContactsPageTest#contactLinkTest</h3><table class="result"><tr><th class="invisible"/></tr></table><p class="totop"><a href="#summary">back to summary</a></p>
<h3 id="m7">com.crm.qa.testcases.ContactsPageTest#getAllOptions</h3><table class="result"><tr><th class="invisible"/></tr></table><p class="totop"><a href="#summary">back to summary</a></p>
<h3 id="m8">com.crm.qa.testcases.ContactsPageTest#tlinks</h3><table class="result"><tr><th class="invisible"/></tr></table><p class="totop"><a href="#summary">back to summary</a></p>
<h3 id="m9">com.crm.qa.testcases.ContactsPageTest#verifyContactLabel</h3><table class="result"><tr><th class="invisible"/></tr></table><p class="totop"><a href="#summary">back to summary</a></p>
<h3 id="m10">com.crm.qa.testcases.HomePageTest#addBoxesLinkTest</h3><table class="result"><tr><th class="invisible"/></tr></table><p class="totop"><a href="#summary">back to summary</a></p>
<h3 id="m11">com.crm.qa.testcases.HomePageTest#totalLinksOnHomePage</h3><table class="result"><tr><th class="invisible"/></tr></table><p class="totop"><a href="#summary">back to summary</a></p>
<h3 id="m12">com.crm.qa.testcases.HomePageTest#validateContactLinkTest</h3><table class="result"><tr><th class="invisible"/></tr></table><p class="totop"><a href="#summary">back to summary</a></p>
<h3 id="m13">com.crm.qa.testcases.HomePageTest#validateDealLinkTest</h3><table class="result"><tr><th class="invisible"/></tr></table><p class="totop"><a href="#summary">back to summary</a></p>
<h3 id="m14">com.crm.qa.testcases.HomePageTest#validateHomePageTitleTest</h3><table class="result"><tr><th class="invisible"/></tr></table><p class="totop"><a href="#summary">back to summary</a></p>
<h3 id="m15">com.crm.qa.testcases.HomePageTest#validateUserTest</h3><table class="result"><tr><th class="invisible"/></tr></table><p class="totop"><a href="#summary">back to summary</a></p>
<h3 id="m16">com.crm.qa.testcases.LoginPageTest#gettotallinksonloginpage</h3><table class="result"><tr><th class="invisible"/></tr></table><p class="totop"><a href="#summary">back to summary</a></p>
<h3 id="m17">com.crm.qa.testcases.LoginPageTest#loginTest</h3><table class="result"><tr><th class="invisible"/></tr></table><p class="totop"><a href="#summary">back to summary</a></p>
<h3 id="m18">com.crm.qa.testcases.LoginPageTest#validateCRMLogoTest</h3><table class="result"><tr><th class="invisible"/></tr></table><p class="totop"><a href="#summary">back to summary</a></p>
<h3 id="m19">com.crm.qa.testcases.LoginPageTest#verifyContactLinkTest</h3><table class="result"><tr><th class="invisible"/></tr></table><p class="totop"><a href="#summary">back to summary</a></p>
<h3 id="m20">com.crm.qa.testcases.Login_Test_DataTest#testdata</h3><table class="result"><tr class="param"><th>Parameter #1</th><th>Parameter #2</th></tr><tr class="param stripe"><td>automation</td><td>auto123</td></tr></table><p class="totop"><a href="#summary">back to summary</a></p>
<h3 id="m21">com.crm.qa.testcases.Login_Test_DataTest#testdata</h3><table class="result"><tr class="param"><th>Parameter #1</th><th>Parameter #2</th></tr><tr class="param stripe"><td>auto*79%</td><td>677&amp;^&amp;</td></tr></table><p class="totop"><a href="#summary">back to summary</a></p>
<h3 id="m22">com.crm.qa.testcases.Login_Test_DataTest#testdata</h3><table class="result"><tr class="param"><th>Parameter #1</th><th>Parameter #2</th></tr><tr class="param stripe"><td>freecrm</td><td>TGYG</td></tr></table><p class="totop"><a href="#summary">back to summary</a></p>
<h3 id="m23">com.crm.qa.testcases.Login_Test_DataTest#testdata</h3><table class="result"><tr class="param"><th>Parameter #1</th><th>Parameter #2</th></tr><tr class="param stripe"><td>batchautomation</td><td>kljojlkj</td></tr></table><p class="totop"><a href="#summary">back to summary</a></p>
<h3 id="m24">com.crm.qa.testcases.Login_Test_DataTest#testdata</h3><table class="result"><tr class="param"><th>Parameter #1</th><th>Parameter #2</th></tr><tr class="param stripe"><td>wererewe</td><td>Test@12345</td></tr></table><p class="totop"><a href="#summary">back to summary</a></p>
<h3 id="m25">com.crm.qa.testcases.ReportPageTest#reportlink</h3><table class="result"><tr><th class="invisible"/></tr></table><p class="totop"><a href="#summary">back to summary</a></p>
<h3 id="m26">com.crm.qa.testcases.SignUpPageTest#SignUpLinkTest</h3><table class="result"><tr><th class="invisible"/></tr></table><p class="totop"><a href="#summary">back to summary</a></p>
<h3 id="m27">com.crm.qa.testcases.SignUpPageTest#pricingLinkTest</h3><table class="result"><tr><th class="invisible"/></tr></table><p class="totop"><a href="#summary">back to summary</a></p>
<h3 id="m28">com.crm.qa.testcases.SignUpPageTest#totallinks</h3><table class="result"><tr><th class="invisible"/></tr></table><p class="totop"><a href="#summary">back to summary</a></p>
</body>
</html>
