<?xml version="1.0" encoding="UTF-8"?>
<!-- Generated by org.testng.reporters.JUnitXMLReporter -->
<testsuite ignored="0" hostname="DESKTOP-F40K7Q7" failures="2" tests="29" name="FREE CRM TEST SUITES" time="710.315" errors="0" timestamp="2021-04-01T10:36:44 EDT">
  <testcase classname="com.crm.qa.testcases.HomePageTest" name="validateHomePageTitleTest" time="2.034"/>
  <testcase classname="com.crm.qa.testcases.HomePageTest" name="totalLinksOnHomePage" time="20.077"/>
  <testcase classname="com.crm.qa.testcases.HomePageTest" name="validateUserTest" time="2.153"/>
  <testcase classname="com.crm.qa.testcases.HomePageTest" name="validateContactLinkTest" time="5.54"/>
  <testcase classname="com.crm.qa.testcases.HomePageTest" name="validateDealLinkTest" time="1.208"/>
  <testcase classname="com.crm.qa.testcases.HomePageTest" name="addBoxesLinkTest" time="0.345"/>
  <testcase classname="com.crm.qa.testcases.ContactsPageTest" name="contactLinkTest" time="0.945"/>
  <testcase classname="com.crm.qa.testcases.ContactsPageTest" name="verifyContactLabel" time="6.377"/>
  <testcase classname="com.crm.qa.testcases.ContactsPageTest" name="tlinks" time="15.977"/>
  <testcase classname="com.crm.qa.testcases.ContactsPageTest" name="hooverOverContact" time="14.729">
    <failure type="org.openqa.selenium.StaleElementReferenceException" message="stale element reference: element is not attached to the page document
  (Session info: chrome=89.0.4389.114)
  (Driver info: chromedriver=2.43.600210 (68dcf5eebde37173d4027fa8635e332711d2874a),platform=Windows NT 10.0.19041 x86_64) (WARNING: The server did not provide any stacktrace information)
Command duration or timeout: 0 milliseconds
For documentation on this error, please visit: https://selenium.dev/exceptions/#stale_element_reference
Build info: version: &amp;apos;4.0.0-alpha-7&amp;apos;, revision: &amp;apos;de8579b6d5&amp;apos;
System info: host: &amp;apos;DESKTOP-F40K7Q7&amp;apos;, ip: &amp;apos;192.168.1.153&amp;apos;, os.name: &amp;apos;Windows 10&amp;apos;, os.arch: &amp;apos;amd64&amp;apos;, os.version: &amp;apos;10.0&amp;apos;, java.version: &amp;apos;11.0.1&amp;apos;
Driver info: org.openqa.selenium.chrome.ChromeDriver
Capabilities {acceptInsecureCerts: false, acceptSslCerts: false, applicationCacheEnabled: false, browserConnectionEnabled: false, browserName: chrome, chrome: {chromedriverVersion: 2.43.600210 (68dcf5eebde371..., userDataDir: C:\Users\tilak\AppData\Loca...}, cssSelectorsEnabled: true, databaseEnabled: false, goog:chromeOptions: {debuggerAddress: localhost:51171}, handlesAlerts: true, hasTouchScreen: false, javascriptEnabled: true, locationContextEnabled: true, mobileEmulationEnabled: false, nativeEvents: true, networkConnectionEnabled: false, pageLoadStrategy: normal, platform: XP, platformName: XP, rotatable: false, setWindowRect: true, takesHeapSnapshot: true, takesScreenshot: true, unexpectedAlertBehaviour: , unhandledPromptBehavior: , version: 89.0.4389.114, webStorageEnabled: true}
Session ID: 4aa3eb01f0c8a3a8bddc3780bb8c2aa6">
      <![CDATA[org.openqa.selenium.StaleElementReferenceException: stale element reference: element is not attached to the page document
  (Session info: chrome=89.0.4389.114)
  (Driver info: chromedriver=2.43.600210 (68dcf5eebde37173d4027fa8635e332711d2874a),platform=Windows NT 10.0.19041 x86_64) (WARNING: The server did not provide any stacktrace information)
Command duration or timeout: 0 milliseconds
For documentation on this error, please visit: https://selenium.dev/exceptions/#stale_element_reference
Build info: version: '4.0.0-alpha-7', revision: 'de8579b6d5'
System info: host: 'DESKTOP-F40K7Q7', ip: '192.168.1.153', os.name: 'Windows 10', os.arch: 'amd64', os.version: '10.0', java.version: '11.0.1'
Driver info: org.openqa.selenium.chrome.ChromeDriver
Capabilities {acceptInsecureCerts: false, acceptSslCerts: false, applicationCacheEnabled: false, browserConnectionEnabled: false, browserName: chrome, chrome: {chromedriverVersion: 2.43.600210 (68dcf5eebde371..., userDataDir: C:\Users\tilak\AppData\Loca...}, cssSelectorsEnabled: true, databaseEnabled: false, goog:chromeOptions: {debuggerAddress: localhost:51171}, handlesAlerts: true, hasTouchScreen: false, javascriptEnabled: true, locationContextEnabled: true, mobileEmulationEnabled: false, nativeEvents: true, networkConnectionEnabled: false, pageLoadStrategy: normal, platform: XP, platformName: XP, rotatable: false, setWindowRect: true, takesHeapSnapshot: true, takesScreenshot: true, unexpectedAlertBehaviour: , unhandledPromptBehavior: , version: 89.0.4389.114, webStorageEnabled: true}
Session ID: 4aa3eb01f0c8a3a8bddc3780bb8c2aa6
at org.openqa.selenium.remote.ErrorHandler.createThrowable(ErrorHandler.java:217)
at org.openqa.selenium.remote.ErrorHandler.throwIfResponseFailed(ErrorHandler.java:169)
at org.openqa.selenium.remote.codec.jwp.JsonHttpResponseCodec.reconstructValue(JsonHttpResponseCodec.java:41)
at org.openqa.selenium.remote.codec.AbstractHttpResponseCodec.decode(AbstractHttpResponseCodec.java:83)
at org.openqa.selenium.remote.codec.AbstractHttpResponseCodec.decode(AbstractHttpResponseCodec.java:47)
at org.openqa.selenium.remote.HttpCommandExecutor.execute(HttpCommandExecutor.java:167)
at org.openqa.selenium.remote.service.DriverCommandExecutor.execute(DriverCommandExecutor.java:123)
at org.openqa.selenium.remote.RemoteWebDriver.execute(RemoteWebDriver.java:501)
at org.openqa.selenium.remote.RemoteWebDriver.execute(RemoteWebDriver.java:558)
at org.openqa.selenium.remote.RemoteExecuteMethod.execute(RemoteExecuteMethod.java:38)
at org.openqa.selenium.remote.RemoteMouse.mouseMove(RemoteMouse.java:95)
at org.openqa.selenium.support.events.internal.EventFiringMouse.mouseMove(EventFiringMouse.java:62)
at org.openqa.selenium.interactions.MoveMouseAction.perform(MoveMouseAction.java:43)
at org.openqa.selenium.interactions.CompositeAction.perform(CompositeAction.java:36)
at org.openqa.selenium.interactions.Actions$BuiltAction.perform(Actions.java:620)
at org.openqa.selenium.interactions.Actions.perform(Actions.java:573)
at com.crm.qa.pages.ContactsPage.hooverOver(ContactsPage.java:68)
at com.crm.qa.testcases.ContactsPageTest.hooverOverContact(ContactsPageTest.java:74)
at java.base/java.util.ArrayList.forEach(ArrayList.java:1540)
... Removed 31 stack frames]]>
    </failure>
  </testcase> <!-- hooverOverContact -->
  <testcase classname="com.crm.qa.testcases.ContactsPageTest" name="getAllOptions" time="2.244"/>
  <testcase classname="com.crm.qa.testcases.SignUpPageTest" name="SignUpLinkTest" time="7.345"/>
  <testcase classname="com.crm.qa.testcases.SignUpPageTest" name="totallinks" time="2.482"/>
  <testcase classname="com.crm.qa.testcases.SignUpPageTest" name="pricingLinkTest" time="16.55"/>
  <testcase classname="com.crm.qa.testcases.LoginPageTest" name="LoginPageTitleTest" time="2.022">
    <failure type="java.lang.AssertionError" message="The title does not match expected [CRMPRO  - CRM software for customer relationship management, sales, and support.] but found [CRMPRO - CRM software for customer relationship management, sales, and support.]">
      <![CDATA[java.lang.AssertionError: The title does not match expected [CRMPRO  - CRM software for customer relationship management, sales, and support.] but found [CRMPRO - CRM software for customer relationship management, sales, and support.]
at com.crm.qa.testcases.LoginPageTest.LoginPageTitleTest(LoginPageTest.java:67)
at java.base/java.util.ArrayList.forEach(ArrayList.java:1540)
... Removed 32 stack frames]]>
    </failure>
  </testcase> <!-- LoginPageTitleTest -->
  <testcase classname="com.crm.qa.testcases.LoginPageTest" name="validateCRMLogoTest" time="0.046"/>
  <testcase classname="com.crm.qa.testcases.LoginPageTest" name="loginTest" time="4.658"/>
  <testcase classname="com.crm.qa.testcases.LoginPageTest" name="verifyContactLinkTest" time="0.076"/>
  <testcase classname="com.crm.qa.testcases.LoginPageTest" name="gettotallinksonloginpage" time="0.545"/>
  <testcase classname="com.crm.qa.testcases.DealsPageTest" name="DealsFormTest" time="0.0">
    <skipped/>
  </testcase> <!-- DealsFormTest -->
  <testcase classname="com.crm.qa.testcases.ReportPageTest" name="reportlink" time="5.966"/>
  <testcase classname="com.crm.qa.testcases.CompanyPageTest" name="CompanyLink" time="14.26"/>
  <testcase classname="com.crm.qa.testcases.CompanyPageTest" name="newCompanylink" time="13.325"/>
  <testcase classname="com.crm.qa.testcases.CompanyPageTest" name="newCompnyFormData" time="21.335"/>
  <testcase classname="com.crm.qa.testcases.Login_Test_DataTest" name="testdata" time="8.695"/>
  <testcase classname="com.crm.qa.testcases.Login_Test_DataTest" name="testdata" time="4.097"/>
  <testcase classname="com.crm.qa.testcases.Login_Test_DataTest" name="testdata" time="4.013"/>
  <testcase classname="com.crm.qa.testcases.Login_Test_DataTest" name="testdata" time="3.502"/>
  <testcase classname="com.crm.qa.testcases.Login_Test_DataTest" name="testdata" time="3.154"/>
</testsuite> <!-- FREE CRM TEST SUITES -->
