<html>
<head>
<title>TestNG:  FREE CRM TEST SUITES</title>
<link href="../testng.css" rel="stylesheet" type="text/css" />
<link href="../my-testng.css" rel="stylesheet" type="text/css" />

<style type="text/css">
.log { display: none;} 
.stack-trace { display: none;} 
</style>
<script type="text/javascript">
<!--
function flip(e) {
  current = e.style.display;
  if (current == 'block') {
    e.style.display = 'none';
    return 0;
  }
  else {
    e.style.display = 'block';
    return 1;
  }
}

function toggleBox(szDivId, elem, msg1, msg2)
{
  var res = -1;  if (document.getElementById) {
    res = flip(document.getElementById(szDivId));
  }
  else if (document.all) {
    // this is the way old msie versions work
    res = flip(document.all[szDivId]);
  }
  if(elem) {
    if(res == 0) elem.innerHTML = msg1; else elem.innerHTML = msg2;
  }

}

function toggleAllBoxes() {
  if (document.getElementsByTagName) {
    d = document.getElementsByTagName('div');
    for (i = 0; i < d.length; i++) {
      if (d[i].className == 'log') {
        flip(d[i]);
      }
    }
  }
}

// -->
</script>

</head>
<body>
<h2 align='center'>FREE CRM TEST SUITES</h2><table border='1' align="center">
<tr>
<td>Tests passed/Failed/Skipped:</td><td>26/2/1</td>
</tr><tr>
<td>Started on:</td><td>Thu Apr 01 10:24:54 EDT 2021</td>
</tr>
<tr><td>Total time:</td><td>710 seconds (710315 ms)</td>
</tr><tr>
<td>Included groups:</td><td></td>
</tr><tr>
<td>Excluded groups:</td><td></td>
</tr>
</table><p/>
<small><i>(Hover the method name to see the test class name)</i></small><p/>
<table width='100%' border='1' class='invocation-failed'>
<tr><td colspan='4' align='center'><b>FAILED TESTS</b></td></tr>
<tr><td><b>Test method</b></td>
<td width="30%"><b>Exception</b></td>
<td width="10%"><b>Time (seconds)</b></td>
<td><b>Instance</b></td>
</tr>
<tr>
<td title='com.crm.qa.testcases.LoginPageTest.LoginPageTitleTest()'><b>LoginPageTitleTest</b><br>Test class: com.crm.qa.testcases.LoginPageTest</td>
<td><div><pre>java.lang.AssertionError: The title does not match expected [CRMPRO  - CRM software for customer relationship management, sales, and support.] but found [CRMPRO - CRM software for customer relationship management, sales, and support.]
	at com.crm.qa.testcases.LoginPageTest.LoginPageTitleTest(LoginPageTest.java:67)
	at java.base/java.util.ArrayList.forEach(ArrayList.java:1540)
... Removed 32 stack frames</pre></div><a href='#' onClick='toggleBox("stack-trace1938974193", this, "Click to show all stack frames", "Click to hide stack frames")'>Click to show all stack frames</a>
<div class='stack-trace' id='stack-trace1938974193'><pre>java.lang.AssertionError: The title does not match expected [CRMPRO  - CRM software for customer relationship management, sales, and support.] but found [CRMPRO - CRM software for customer relationship management, sales, and support.]
	at org.testng.Assert.fail(Assert.java:99)
	at org.testng.Assert.failNotEquals(Assert.java:1037)
	at org.testng.Assert.assertEqualsImpl(Assert.java:140)
	at org.testng.Assert.assertEquals(Assert.java:122)
	at org.testng.Assert.assertEquals(Assert.java:629)
	at com.crm.qa.testcases.LoginPageTest.LoginPageTitleTest(LoginPageTest.java:67)
	at java.base/jdk.internal.reflect.NativeMethodAccessorImpl.invoke0(Native Method)
	at java.base/jdk.internal.reflect.NativeMethodAccessorImpl.invoke(NativeMethodAccessorImpl.java:62)
	at java.base/jdk.internal.reflect.DelegatingMethodAccessorImpl.invoke(DelegatingMethodAccessorImpl.java:43)
	at java.base/java.lang.reflect.Method.invoke(Method.java:566)
	at org.testng.internal.MethodInvocationHelper.invokeMethod(MethodInvocationHelper.java:132)
	at org.testng.internal.TestInvoker.invokeMethod(TestInvoker.java:599)
	at org.testng.internal.TestInvoker.invokeTestMethod(TestInvoker.java:174)
	at org.testng.internal.MethodRunner.runInSequence(MethodRunner.java:46)
	at org.testng.internal.TestInvoker$MethodInvocationAgent.invoke(TestInvoker.java:822)
	at org.testng.internal.TestInvoker.invokeTestMethods(TestInvoker.java:147)
	at org.testng.internal.TestMethodWorker.invokeTestMethods(TestMethodWorker.java:146)
	at org.testng.internal.TestMethodWorker.run(TestMethodWorker.java:128)
	at java.base/java.util.ArrayList.forEach(ArrayList.java:1540)
	at org.testng.TestRunner.privateRun(TestRunner.java:764)
	at org.testng.TestRunner.run(TestRunner.java:585)
	at org.testng.SuiteRunner.runTest(SuiteRunner.java:384)
	at org.testng.SuiteRunner.runSequentially(SuiteRunner.java:378)
	at org.testng.SuiteRunner.privateRun(SuiteRunner.java:337)
	at org.testng.SuiteRunner.run(SuiteRunner.java:286)
	at org.testng.SuiteRunnerWorker.runSuite(SuiteRunnerWorker.java:53)
	at org.testng.SuiteRunnerWorker.run(SuiteRunnerWorker.java:96)
	at org.testng.TestNG.runSuitesSequentially(TestNG.java:1218)
	at org.testng.TestNG.runSuitesLocally(TestNG.java:1140)
	at org.testng.TestNG.runSuites(TestNG.java:1069)
	at org.testng.TestNG.run(TestNG.java:1037)
	at org.testng.remote.AbstractRemoteTestNG.run(AbstractRemoteTestNG.java:115)
	at org.testng.remote.RemoteTestNG.initAndRun(RemoteTestNG.java:251)
	at org.testng.remote.RemoteTestNG.main(RemoteTestNG.java:77)
</pre></div></td>
<td>2</td>
<td>com.crm.qa.testcases.LoginPageTest@20ccf40b</td></tr>
<tr>
<td title='com.crm.qa.testcases.ContactsPageTest.hooverOverContact()'><b>hooverOverContact</b><br>Test class: com.crm.qa.testcases.ContactsPageTest</td>
<td><div><pre>org.openqa.selenium.StaleElementReferenceException: stale element reference: element is not attached to the page document
  (Session info: chrome=89.0.4389.114)
  (Driver info: chromedriver=2.43.600210 (68dcf5eebde37173d4027fa8635e332711d2874a),platform=Windows NT 10.0.19041 x86_64) (WARNING: The server did not provide any stacktrace information)
Command duration or timeout: 0 milliseconds
For documentation on this error, please visit: https://selenium.dev/exceptions/#stale_element_reference
Build info: version: &apos;4.0.0-alpha-7&apos;, revision: &apos;de8579b6d5&apos;
System info: host: &apos;DESKTOP-F40K7Q7&apos;, ip: &apos;192.168.1.153&apos;, os.name: &apos;Windows 10&apos;, os.arch: &apos;amd64&apos;, os.version: &apos;10.0&apos;, java.version: &apos;11.0.1&apos;
Driver info: org.openqa.selenium.chrome.ChromeDriver
Capabilities {acceptInsecureCerts: false, acceptSslCerts: false, applicationCacheEnabled: false, browserConnectionEnabled: false, browserName: chrome, chrome: {chromedriverVersion: 2.43.600210 (68dcf5eebde371..., userDataDir: C:\Users\tilak\AppData\Loca...}, cssSelectorsEnabled: true, databaseEnabled: false, goog:chromeOptions: {debuggerAddress: localhost:51171}, handlesAlerts: true, hasTouchScreen: false, javascriptEnabled: true, locationContextEnabled: true, mobileEmulationEnabled: false, nativeEvents: true, networkConnectionEnabled: false, pageLoadStrategy: normal, platform: XP, platformName: XP, rotatable: false, setWindowRect: true, takesHeapSnapshot: true, takesScreenshot: true, unexpectedAlertBehaviour: , unhandledPromptBehavior: , version: 89.0.4389.114, webStorageEnabled: true}
Session ID: 4aa3eb01f0c8a3a8bddc3780bb8c2aa6
	at org.openqa.selenium.remote.ErrorHandler.createThrowable(ErrorHandler.java:217)
	at org.openqa.selenium.remote.ErrorHandler.throwIfResponseFailed(ErrorHandler.java:169)
	at org.openqa.selenium.remote.codec.jwp.JsonHttpResponseCodec.reconstructValue(JsonHttpResponseCodec.java:41)
	at org.openqa.selenium.remote.codec.AbstractHttpResponseCodec.decode(AbstractHttpResponseCodec.java:83)
	at org.openqa.selenium.remote.codec.AbstractHttpResponseCodec.decode(AbstractHttpResponseCodec.java:47)
	at org.openqa.selenium.remote.HttpCommandExecutor.execute(HttpCommandExecutor.java:167)
	at org.openqa.selenium.remote.service.DriverCommandExecutor.execute(DriverCommandExecutor.java:123)
	at org.openqa.selenium.remote.RemoteWebDriver.execute(RemoteWebDriver.java:501)
	at org.openqa.selenium.remote.RemoteWebDriver.execute(RemoteWebDriver.java:558)
	at org.openqa.selenium.remote.RemoteExecuteMethod.execute(RemoteExecuteMethod.java:38)
	at org.openqa.selenium.remote.RemoteMouse.mouseMove(RemoteMouse.java:95)
	at org.openqa.selenium.support.events.internal.EventFiringMouse.mouseMove(EventFiringMouse.java:62)
	at org.openqa.selenium.interactions.MoveMouseAction.perform(MoveMouseAction.java:43)
	at org.openqa.selenium.interactions.CompositeAction.perform(CompositeAction.java:36)
	at org.openqa.selenium.interactions.Actions$BuiltAction.perform(Actions.java:620)
	at org.openqa.selenium.interactions.Actions.perform(Actions.java:573)
	at com.crm.qa.pages.ContactsPage.hooverOver(ContactsPage.java:68)
	at com.crm.qa.testcases.ContactsPageTest.hooverOverContact(ContactsPageTest.java:74)
	at java.base/java.util.ArrayList.forEach(ArrayList.java:1540)
... Removed 31 stack frames</pre></div><a href='#' onClick='toggleBox("stack-trace237503491", this, "Click to show all stack frames", "Click to hide stack frames")'>Click to show all stack frames</a>
<div class='stack-trace' id='stack-trace237503491'><pre>org.openqa.selenium.StaleElementReferenceException: stale element reference: element is not attached to the page document
  (Session info: chrome=89.0.4389.114)
  (Driver info: chromedriver=2.43.600210 (68dcf5eebde37173d4027fa8635e332711d2874a),platform=Windows NT 10.0.19041 x86_64) (WARNING: The server did not provide any stacktrace information)
Command duration or timeout: 0 milliseconds
For documentation on this error, please visit: https://selenium.dev/exceptions/#stale_element_reference
Build info: version: &apos;4.0.0-alpha-7&apos;, revision: &apos;de8579b6d5&apos;
System info: host: &apos;DESKTOP-F40K7Q7&apos;, ip: &apos;192.168.1.153&apos;, os.name: &apos;Windows 10&apos;, os.arch: &apos;amd64&apos;, os.version: &apos;10.0&apos;, java.version: &apos;11.0.1&apos;
Driver info: org.openqa.selenium.chrome.ChromeDriver
Capabilities {acceptInsecureCerts: false, acceptSslCerts: false, applicationCacheEnabled: false, browserConnectionEnabled: false, browserName: chrome, chrome: {chromedriverVersion: 2.43.600210 (68dcf5eebde371..., userDataDir: C:\Users\tilak\AppData\Loca...}, cssSelectorsEnabled: true, databaseEnabled: false, goog:chromeOptions: {debuggerAddress: localhost:51171}, handlesAlerts: true, hasTouchScreen: false, javascriptEnabled: true, locationContextEnabled: true, mobileEmulationEnabled: false, nativeEvents: true, networkConnectionEnabled: false, pageLoadStrategy: normal, platform: XP, platformName: XP, rotatable: false, setWindowRect: true, takesHeapSnapshot: true, takesScreenshot: true, unexpectedAlertBehaviour: , unhandledPromptBehavior: , version: 89.0.4389.114, webStorageEnabled: true}
Session ID: 4aa3eb01f0c8a3a8bddc3780bb8c2aa6
	at java.base/jdk.internal.reflect.NativeConstructorAccessorImpl.newInstance0(Native Method)
	at java.base/jdk.internal.reflect.NativeConstructorAccessorImpl.newInstance(NativeConstructorAccessorImpl.java:62)
	at java.base/jdk.internal.reflect.DelegatingConstructorAccessorImpl.newInstance(DelegatingConstructorAccessorImpl.java:45)
	at java.base/java.lang.reflect.Constructor.newInstance(Constructor.java:490)
	at org.openqa.selenium.remote.ErrorHandler.createThrowable(ErrorHandler.java:217)
	at org.openqa.selenium.remote.ErrorHandler.throwIfResponseFailed(ErrorHandler.java:169)
	at org.openqa.selenium.remote.codec.jwp.JsonHttpResponseCodec.reconstructValue(JsonHttpResponseCodec.java:41)
	at org.openqa.selenium.remote.codec.AbstractHttpResponseCodec.decode(AbstractHttpResponseCodec.java:83)
	at org.openqa.selenium.remote.codec.AbstractHttpResponseCodec.decode(AbstractHttpResponseCodec.java:47)
	at org.openqa.selenium.remote.HttpCommandExecutor.execute(HttpCommandExecutor.java:167)
	at org.openqa.selenium.remote.service.DriverCommandExecutor.execute(DriverCommandExecutor.java:123)
	at org.openqa.selenium.remote.RemoteWebDriver.execute(RemoteWebDriver.java:501)
	at org.openqa.selenium.remote.RemoteWebDriver.execute(RemoteWebDriver.java:558)
	at org.openqa.selenium.remote.RemoteExecuteMethod.execute(RemoteExecuteMethod.java:38)
	at org.openqa.selenium.remote.RemoteMouse.mouseMove(RemoteMouse.java:95)
	at org.openqa.selenium.support.events.internal.EventFiringMouse.mouseMove(EventFiringMouse.java:62)
	at org.openqa.selenium.interactions.MoveMouseAction.perform(MoveMouseAction.java:43)
	at org.openqa.selenium.interactions.CompositeAction.perform(CompositeAction.java:36)
	at org.openqa.selenium.interactions.Actions$BuiltAction.perform(Actions.java:620)
	at org.openqa.selenium.interactions.Actions.perform(Actions.java:573)
	at com.crm.qa.pages.ContactsPage.hooverOver(ContactsPage.java:68)
	at com.crm.qa.testcases.ContactsPageTest.hooverOverContact(ContactsPageTest.java:74)
	at java.base/jdk.internal.reflect.NativeMethodAccessorImpl.invoke0(Native Method)
	at java.base/jdk.internal.reflect.NativeMethodAccessorImpl.invoke(NativeMethodAccessorImpl.java:62)
	at java.base/jdk.internal.reflect.DelegatingMethodAccessorImpl.invoke(DelegatingMethodAccessorImpl.java:43)
	at java.base/java.lang.reflect.Method.invoke(Method.java:566)
	at org.testng.internal.MethodInvocationHelper.invokeMethod(MethodInvocationHelper.java:132)
	at org.testng.internal.TestInvoker.invokeMethod(TestInvoker.java:599)
	at org.testng.internal.TestInvoker.invokeTestMethod(TestInvoker.java:174)
	at org.testng.internal.MethodRunner.runInSequence(MethodRunner.java:46)
	at org.testng.internal.TestInvoker$MethodInvocationAgent.invoke(TestInvoker.java:822)
	at org.testng.internal.TestInvoker.invokeTestMethods(TestInvoker.java:147)
	at org.testng.internal.TestMethodWorker.invokeTestMethods(TestMethodWorker.java:146)
	at org.testng.internal.TestMethodWorker.run(TestMethodWorker.java:128)
	at java.base/java.util.ArrayList.forEach(ArrayList.java:1540)
	at org.testng.TestRunner.privateRun(TestRunner.java:764)
	at org.testng.TestRunner.run(TestRunner.java:585)
	at org.testng.SuiteRunner.runTest(SuiteRunner.java:384)
	at org.testng.SuiteRunner.runSequentially(SuiteRunner.java:378)
	at org.testng.SuiteRunner.privateRun(SuiteRunner.java:337)
	at org.testng.SuiteRunner.run(SuiteRunner.java:286)
	at org.testng.SuiteRunnerWorker.runSuite(SuiteRunnerWorker.java:53)
	at org.testng.SuiteRunnerWorker.run(SuiteRunnerWorker.java:96)
	at org.testng.TestNG.runSuitesSequentially(TestNG.java:1218)
	at org.testng.TestNG.runSuitesLocally(TestNG.java:1140)
	at org.testng.TestNG.runSuites(TestNG.java:1069)
	at org.testng.TestNG.run(TestNG.java:1037)
	at org.testng.remote.AbstractRemoteTestNG.run(AbstractRemoteTestNG.java:115)
	at org.testng.remote.RemoteTestNG.initAndRun(RemoteTestNG.java:251)
	at org.testng.remote.RemoteTestNG.main(RemoteTestNG.java:77)
</pre></div></td>
<td>14</td>
<td>com.crm.qa.testcases.ContactsPageTest@56cdfb3b</td></tr>
</table><p>
<table width='100%' border='1' class='invocation-passed'>
<tr><td colspan='4' align='center'><b>PASSED TESTS</b></td></tr>
<tr><td><b>Test method</b></td>
<td width="30%"><b>Exception</b></td>
<td width="10%"><b>Time (seconds)</b></td>
<td><b>Instance</b></td>
</tr>
<tr>
<td title='com.crm.qa.testcases.CompanyPageTest.CompanyLink()'><b>CompanyLink</b><br>Test class: com.crm.qa.testcases.CompanyPageTest</td>
<td></td>
<td>14</td>
<td>com.crm.qa.testcases.CompanyPageTest@35aea049</td></tr>
<tr>
<td title='com.crm.qa.testcases.SignUpPageTest.SignUpLinkTest()'><b>SignUpLinkTest</b><br>Test class: com.crm.qa.testcases.SignUpPageTest</td>
<td></td>
<td>7</td>
<td>com.crm.qa.testcases.SignUpPageTest@2b91004a</td></tr>
<tr>
<td title='com.crm.qa.testcases.HomePageTest.addBoxesLinkTest()'><b>addBoxesLinkTest</b><br>Test class: com.crm.qa.testcases.HomePageTest</td>
<td></td>
<td>0</td>
<td>com.crm.qa.testcases.HomePageTest@4229bb3f</td></tr>
<tr>
<td title='com.crm.qa.testcases.ContactsPageTest.contactLinkTest()'><b>contactLinkTest</b><br>Test class: com.crm.qa.testcases.ContactsPageTest</td>
<td></td>
<td>0</td>
<td>com.crm.qa.testcases.ContactsPageTest@56cdfb3b</td></tr>
<tr>
<td title='com.crm.qa.testcases.ContactsPageTest.getAllOptions()'><b>getAllOptions</b><br>Test class: com.crm.qa.testcases.ContactsPageTest</td>
<td></td>
<td>2</td>
<td>com.crm.qa.testcases.ContactsPageTest@56cdfb3b</td></tr>
<tr>
<td title='com.crm.qa.testcases.LoginPageTest.gettotallinksonloginpage()'><b>gettotallinksonloginpage</b><br>Test class: com.crm.qa.testcases.LoginPageTest</td>
<td></td>
<td>0</td>
<td>com.crm.qa.testcases.LoginPageTest@20ccf40b</td></tr>
<tr>
<td title='com.crm.qa.testcases.LoginPageTest.loginTest()'><b>loginTest</b><br>Test class: com.crm.qa.testcases.LoginPageTest</td>
<td></td>
<td>4</td>
<td>com.crm.qa.testcases.LoginPageTest@20ccf40b</td></tr>
<tr>
<td title='com.crm.qa.testcases.CompanyPageTest.newCompanylink()'><b>newCompanylink</b><br>Test class: com.crm.qa.testcases.CompanyPageTest</td>
<td></td>
<td>13</td>
<td>com.crm.qa.testcases.CompanyPageTest@35aea049</td></tr>
<tr>
<td title='com.crm.qa.testcases.CompanyPageTest.newCompnyFormData()'><b>newCompnyFormData</b><br>Test class: com.crm.qa.testcases.CompanyPageTest<br>Parameters: Patel Cash and Carry, IT Industry, 4551254.0, 1006.0, GT152, 15422.0, 112455.0, 1548754.0</td>
<td></td>
<td>21</td>
<td>com.crm.qa.testcases.CompanyPageTest@35aea049</td></tr>
<tr>
<td title='com.crm.qa.testcases.SignUpPageTest.pricingLinkTest()'><b>pricingLinkTest</b><br>Test class: com.crm.qa.testcases.SignUpPageTest</td>
<td></td>
<td>16</td>
<td>com.crm.qa.testcases.SignUpPageTest@2b91004a</td></tr>
<tr>
<td title='com.crm.qa.testcases.ReportPageTest.reportlink()'><b>reportlink</b><br>Test class: com.crm.qa.testcases.ReportPageTest</td>
<td></td>
<td>5</td>
<td>com.crm.qa.testcases.ReportPageTest@169e6180</td></tr>
<tr>
<td title='com.crm.qa.testcases.Login_Test_DataTest.testdata()'><b>testdata</b><br>Test class: com.crm.qa.testcases.Login_Test_DataTest<br>Parameters: automation, auto123</td>
<td></td>
<td>8</td>
<td>com.crm.qa.testcases.Login_Test_DataTest@7205765b</td></tr>
<tr>
<td title='com.crm.qa.testcases.Login_Test_DataTest.testdata()'><b>testdata</b><br>Test class: com.crm.qa.testcases.Login_Test_DataTest<br>Parameters: auto*79%, 677&^&</td>
<td></td>
<td>4</td>
<td>com.crm.qa.testcases.Login_Test_DataTest@7205765b</td></tr>
<tr>
<td title='com.crm.qa.testcases.Login_Test_DataTest.testdata()'><b>testdata</b><br>Test class: com.crm.qa.testcases.Login_Test_DataTest<br>Parameters: freecrm, TGYG</td>
<td></td>
<td>4</td>
<td>com.crm.qa.testcases.Login_Test_DataTest@7205765b</td></tr>
<tr>
<td title='com.crm.qa.testcases.Login_Test_DataTest.testdata()'><b>testdata</b><br>Test class: com.crm.qa.testcases.Login_Test_DataTest<br>Parameters: batchautomation, kljojlkj</td>
<td></td>
<td>3</td>
<td>com.crm.qa.testcases.Login_Test_DataTest@7205765b</td></tr>
<tr>
<td title='com.crm.qa.testcases.Login_Test_DataTest.testdata()'><b>testdata</b><br>Test class: com.crm.qa.testcases.Login_Test_DataTest<br>Parameters: wererewe, Test@12345</td>
<td></td>
<td>3</td>
<td>com.crm.qa.testcases.Login_Test_DataTest@7205765b</td></tr>
<tr>
<td title='com.crm.qa.testcases.ContactsPageTest.tlinks()'><b>tlinks</b><br>Test class: com.crm.qa.testcases.ContactsPageTest</td>
<td></td>
<td>15</td>
<td>com.crm.qa.testcases.ContactsPageTest@56cdfb3b</td></tr>
<tr>
<td title='com.crm.qa.testcases.HomePageTest.totalLinksOnHomePage()'><b>totalLinksOnHomePage</b><br>Test class: com.crm.qa.testcases.HomePageTest</td>
<td></td>
<td>20</td>
<td>com.crm.qa.testcases.HomePageTest@4229bb3f</td></tr>
<tr>
<td title='com.crm.qa.testcases.SignUpPageTest.totallinks()'><b>totallinks</b><br>Test class: com.crm.qa.testcases.SignUpPageTest</td>
<td></td>
<td>2</td>
<td>com.crm.qa.testcases.SignUpPageTest@2b91004a</td></tr>
<tr>
<td title='com.crm.qa.testcases.LoginPageTest.validateCRMLogoTest()'><b>validateCRMLogoTest</b><br>Test class: com.crm.qa.testcases.LoginPageTest</td>
<td></td>
<td>0</td>
<td>com.crm.qa.testcases.LoginPageTest@20ccf40b</td></tr>
<tr>
<td title='com.crm.qa.testcases.HomePageTest.validateContactLinkTest()'><b>validateContactLinkTest</b><br>Test class: com.crm.qa.testcases.HomePageTest</td>
<td></td>
<td>5</td>
<td>com.crm.qa.testcases.HomePageTest@4229bb3f</td></tr>
<tr>
<td title='com.crm.qa.testcases.HomePageTest.validateDealLinkTest()'><b>validateDealLinkTest</b><br>Test class: com.crm.qa.testcases.HomePageTest</td>
<td></td>
<td>1</td>
<td>com.crm.qa.testcases.HomePageTest@4229bb3f</td></tr>
<tr>
<td title='com.crm.qa.testcases.HomePageTest.validateHomePageTitleTest()'><b>validateHomePageTitleTest</b><br>Test class: com.crm.qa.testcases.HomePageTest</td>
<td></td>
<td>2</td>
<td>com.crm.qa.testcases.HomePageTest@4229bb3f</td></tr>
<tr>
<td title='com.crm.qa.testcases.HomePageTest.validateUserTest()'><b>validateUserTest</b><br>Test class: com.crm.qa.testcases.HomePageTest</td>
<td></td>
<td>2</td>
<td>com.crm.qa.testcases.HomePageTest@4229bb3f</td></tr>
<tr>
<td title='com.crm.qa.testcases.ContactsPageTest.verifyContactLabel()'><b>verifyContactLabel</b><br>Test class: com.crm.qa.testcases.ContactsPageTest</td>
<td></td>
<td>6</td>
<td>com.crm.qa.testcases.ContactsPageTest@56cdfb3b</td></tr>
<tr>
<td title='com.crm.qa.testcases.LoginPageTest.verifyContactLinkTest()'><b>verifyContactLinkTest</b><br>Test class: com.crm.qa.testcases.LoginPageTest</td>
<td></td>
<td>0</td>
<td>com.crm.qa.testcases.LoginPageTest@20ccf40b</td></tr>
</table><p>
<table width='100%' border='1' class='invocation-skipped'>
<tr><td colspan='4' align='center'><b>SKIPPED TESTS</b></td></tr>
<tr><td><b>Test method</b></td>
<td width="30%"><b>Exception</b></td>
<td width="10%"><b>Time (seconds)</b></td>
<td><b>Instance</b></td>
</tr>
<tr>
<td title='com.crm.qa.testcases.DealsPageTest.DealsFormTest()'><b>DealsFormTest</b><br>Test class: com.crm.qa.testcases.DealsPageTest</td>
<td><div><pre>java.lang.RuntimeException: java.lang.NullPointerException
	at java.base/java.util.ArrayList.forEach(ArrayList.java:1540)
Caused by: java.lang.NullPointerException
	at org.apache.poi.poifs.filesystem.FileMagic.prepareToCheckMagic(FileMagic.java:219)
	at org.apache.poi.ss.usermodel.WorkbookFactory.create(WorkbookFactory.java:247)
	at org.apache.poi.ss.usermodel.WorkbookFactory.create(WorkbookFactory.java:221)
	at com.crm.qa.utilities.DealsContactsData.getDealsTestData(DealsContactsData.java:29)
	at com.crm.qa.testcases.DealsPageTest.DealsData(DealsPageTest.java:38)
	... 25 more
... Removed 32 stack frames</pre></div><a href='#' onClick='toggleBox("stack-trace1328764608", this, "Click to show all stack frames", "Click to hide stack frames")'>Click to show all stack frames</a>
<div class='stack-trace' id='stack-trace1328764608'><pre>java.lang.RuntimeException: java.lang.NullPointerException
	at org.testng.internal.MethodInvocationHelper.invokeMethodNoCheckedException(MethodInvocationHelper.java:49)
	at org.testng.internal.MethodInvocationHelper.invokeDataProvider(MethodInvocationHelper.java:145)
	at org.testng.internal.Parameters.handleParameters(Parameters.java:797)
	at org.testng.internal.Parameters.handleParameters(Parameters.java:740)
	at org.testng.internal.ParameterHandler.handleParameters(ParameterHandler.java:59)
	at org.testng.internal.ParameterHandler.createParameters(ParameterHandler.java:38)
	at org.testng.internal.TestInvoker$MethodInvocationAgent.invoke(TestInvoker.java:789)
	at org.testng.internal.TestInvoker.invokeTestMethods(TestInvoker.java:147)
	at org.testng.internal.TestMethodWorker.invokeTestMethods(TestMethodWorker.java:146)
	at org.testng.internal.TestMethodWorker.run(TestMethodWorker.java:128)
	at java.base/java.util.ArrayList.forEach(ArrayList.java:1540)
	at org.testng.TestRunner.privateRun(TestRunner.java:764)
	at org.testng.TestRunner.run(TestRunner.java:585)
	at org.testng.SuiteRunner.runTest(SuiteRunner.java:384)
	at org.testng.SuiteRunner.runSequentially(SuiteRunner.java:378)
	at org.testng.SuiteRunner.privateRun(SuiteRunner.java:337)
	at org.testng.SuiteRunner.run(SuiteRunner.java:286)
	at org.testng.SuiteRunnerWorker.runSuite(SuiteRunnerWorker.java:53)
	at org.testng.SuiteRunnerWorker.run(SuiteRunnerWorker.java:96)
	at org.testng.TestNG.runSuitesSequentially(TestNG.java:1218)
	at org.testng.TestNG.runSuitesLocally(TestNG.java:1140)
	at org.testng.TestNG.runSuites(TestNG.java:1069)
	at org.testng.TestNG.run(TestNG.java:1037)
	at org.testng.remote.AbstractRemoteTestNG.run(AbstractRemoteTestNG.java:115)
	at org.testng.remote.RemoteTestNG.initAndRun(RemoteTestNG.java:251)
	at org.testng.remote.RemoteTestNG.main(RemoteTestNG.java:77)
Caused by: java.lang.NullPointerException
	at org.apache.poi.poifs.filesystem.FileMagic.prepareToCheckMagic(FileMagic.java:219)
	at org.apache.poi.ss.usermodel.WorkbookFactory.create(WorkbookFactory.java:247)
	at org.apache.poi.ss.usermodel.WorkbookFactory.create(WorkbookFactory.java:221)
	at com.crm.qa.utilities.DealsContactsData.getDealsTestData(DealsContactsData.java:29)
	at com.crm.qa.testcases.DealsPageTest.DealsData(DealsPageTest.java:38)
	at java.base/jdk.internal.reflect.NativeMethodAccessorImpl.invoke0(Native Method)
	at java.base/jdk.internal.reflect.NativeMethodAccessorImpl.invoke(NativeMethodAccessorImpl.java:62)
	at java.base/jdk.internal.reflect.DelegatingMethodAccessorImpl.invoke(DelegatingMethodAccessorImpl.java:43)
	at java.base/java.lang.reflect.Method.invoke(Method.java:566)
	at org.testng.internal.MethodInvocationHelper.invokeMethod(MethodInvocationHelper.java:132)
	at org.testng.internal.MethodInvocationHelper.invokeMethod(MethodInvocationHelper.java:76)
	at org.testng.internal.MethodInvocationHelper.invokeMethodNoCheckedException(MethodInvocationHelper.java:45)
	... 25 more
</pre></div></td>
<td>0</td>
<td>com.crm.qa.testcases.DealsPageTest@2fb3536e</td></tr>
</table><p>
</body>
</html>